<?xml version="1.0" encoding="UTF-8"?>
<!-- Generated by org.testng.reporters.JUnitReportReporter -->
<testsuite skipped="0" hostname="DESKTOP-DR4UF6G" name="excel.ReadData" tests="1" failures="0" timestamp="29 May 2020 14:46:36 GMT" time="0.777" errors="0">
  <testcase name="readdata" time="0.777" classname="excel.ReadData"/>
</testsuite> <!-- excel.ReadData -->
